<?xml version="1.0" encoding="UTF-8"?>
<!-- Generated by org.testng.reporters.JUnitXMLReporter -->
<testsuite hostname="Harishs-Mini.lan" failures="0" tests="6" name="Test" time="0.799" errors="0" timestamp="27 Apr 2024 16:32:38 GMT">
  <testcase classname="com.restApi.practice.jsonserver.Test1" name="getAPost" time="0.623"/>
  <testcase classname="com.restApi.practice.jsonserver.Test1" name="getAllPosts" time="0.043"/>
  <testcase classname="com.restApi.practice.jsonserver.Test1" name="getInvalidPost" time="0.016"/>
  <testcase classname="com.restApi.practice.jsonserver.Test1" name="createPost" time="0.092"/>
  <testcase classname="com.restApi.practice.jsonserver.Test1" name="putPost" time="0.008"/>
  <testcase classname="com.restApi.practice.jsonserver.Test1" name="deletePost" time="0.008"/>
</testsuite> <!-- Test -->
