<?xml version="1.0" encoding="UTF-8"?>
<testng-results total="1" passed="1" failed="0" skipped="0">
  <reporter-output>
  </reporter-output>
  <suite started-at="2024-05-03T11:51:50Z" name="Default suite" finished-at="2024-05-03T11:51:51Z" duration-ms="542">
    <groups>
    </groups>
    <test started-at="2024-05-03T11:51:50Z" name="Default test" finished-at="2024-05-03T11:51:51Z" duration-ms="542">
      <class name="com.restApi.practice.jsonserver.Interview">
        <test-method is-config="true" signature="beforeTest()[pri:0, instance:com.restApi.practice.jsonserver.Interview@68dc098b]" started-at="2024-05-03T17:21:50Z" name="beforeTest" finished-at="2024-05-03T17:21:51Z" duration-ms="205" status="PASS">
          <reporter-output>
          </reporter-output>
        </test-method> <!-- beforeTest -->
        <test-method signature="getResponse_writeToFile_readFile_validateResponse_txtFormat()[pri:0, instance:com.restApi.practice.jsonserver.Interview@68dc098b]" started-at="2024-05-03T17:21:51Z" name="getResponse_writeToFile_readFile_validateResponse_txtFormat" finished-at="2024-05-03T17:21:51Z" duration-ms="334" status="PASS">
          <reporter-output>
          </reporter-output>
        </test-method> <!-- getResponse_writeToFile_readFile_validateResponse_txtFormat -->
      </class> <!-- com.restApi.practice.jsonserver.Interview -->
    </test> <!-- Default test -->
  </suite> <!-- Default suite -->
</testng-results>
